<?xml version="1.0" encoding="UTF-8"?>
<robot generator="Robot 5.0.1 (Python 3.10.6 on win32)" generated="20220805 01:46:44.718" rpa="false" schemaversion="3">
<suite id="s1" name="Activity1" source="C:\Users\WONDERS\Desktop\training\TestSuites\Activity1.robot">
<test id="s1-t1" name="Verify if the user send a delivery order" line="17">
<kw name="open the browser with POS url" library="resource" type="SETUP">
<kw name="Create Webdriver" library="SeleniumLibrary">
<arg>Chrome</arg>
<arg>executable_path=chromedriver</arg>
<doc>Creates an instance of Selenium WebDriver.</doc>
<msg timestamp="20220805 01:46:44.862" level="INFO">Creating an instance of the Chrome WebDriver.</msg>
<status status="PASS" starttime="20220805 01:46:44.862" endtime="20220805 01:46:45.961"/>
</kw>
<kw name="Maximize Browser Window" library="SeleniumLibrary">
<doc>Maximizes current browser window.</doc>
<status status="PASS" starttime="20220805 01:46:45.961" endtime="20220805 01:46:46.084"/>
</kw>
<kw name="Set Browser Implicit Wait" library="SeleniumLibrary">
<arg>5 s</arg>
<doc>Sets the implicit wait value used by Selenium.</doc>
<status status="PASS" starttime="20220805 01:46:46.084" endtime="20220805 01:46:46.085"/>
</kw>
<kw name="Go To" library="SeleniumLibrary">
<arg>${url}</arg>
<doc>Navigates the current browser window to the provided ``url``.</doc>
<msg timestamp="20220805 01:46:46.086" level="INFO">Opening url 'https://qa.letsdochinese.com/KJTCore/resources/index.html'</msg>
<status status="PASS" starttime="20220805 01:46:46.086" endtime="20220805 01:46:48.855"/>
</kw>
<status status="PASS" starttime="20220805 01:46:44.862" endtime="20220805 01:46:48.855"/>
</kw>
<kw name="fill out the username and password fields">
<arg>${user_name}</arg>
<arg>${valid_password}</arg>
<kw name="Wait Until Element Is Visible" library="SeleniumLibrary">
<arg>id:username</arg>
<doc>Waits until the element ``locator`` is visible.</doc>
<status status="PASS" starttime="20220805 01:46:48.857" endtime="20220805 01:46:48.879"/>
</kw>
<kw name="Input Text" library="SeleniumLibrary">
<arg>id:username</arg>
<arg>${username}</arg>
<doc>Types the given ``text`` into the text field identified by ``locator``.</doc>
<msg timestamp="20220805 01:46:48.880" level="INFO">Typing text 'aora' into text field 'id:username'.</msg>
<status status="PASS" starttime="20220805 01:46:48.879" endtime="20220805 01:46:48.934"/>
</kw>
<kw name="Input Password" library="SeleniumLibrary">
<arg>id:password</arg>
<arg>${password}</arg>
<doc>Types the given password into the text field identified by ``locator``.</doc>
<msg timestamp="20220805 01:46:48.935" level="INFO">Typing password into text field 'id:password'.</msg>
<msg timestamp="20220805 01:46:48.956" level="INFO">Temporally setting log level to: NONE</msg>
<msg timestamp="20220805 01:46:48.984" level="INFO">Log level changed from NONE to INFO.</msg>
<status status="PASS" starttime="20220805 01:46:48.935" endtime="20220805 01:46:48.984"/>
</kw>
<status status="PASS" starttime="20220805 01:46:48.856" endtime="20220805 01:46:48.984"/>
</kw>
<kw name="click the login button">
<kw name="Click Button" library="SeleniumLibrary">
<arg>id:login</arg>
<doc>Clicks the button identified by ``locator``.</doc>
<msg timestamp="20220805 01:46:48.985" level="INFO">Clicking button 'id:login'.</msg>
<status status="PASS" starttime="20220805 01:46:48.985" endtime="20220805 01:46:49.024"/>
</kw>
<status status="PASS" starttime="20220805 01:46:48.985" endtime="20220805 01:46:49.024"/>
</kw>
<kw name="check if main page is visible">
<kw name="Sleep" library="BuiltIn">
<arg>3</arg>
<doc>Pauses the test executed for the given time.</doc>
<msg timestamp="20220805 01:46:52.035" level="INFO">Slept 3 seconds</msg>
<status status="PASS" starttime="20220805 01:46:49.025" endtime="20220805 01:46:52.035"/>
</kw>
<kw name="Wait Until Element Is Visible" library="SeleniumLibrary">
<arg>${username_lbl}</arg>
<arg>10</arg>
<doc>Waits until the element ``locator`` is visible.</doc>
<status status="PASS" starttime="20220805 01:46:52.035" endtime="20220805 01:46:52.056"/>
</kw>
<status status="PASS" starttime="20220805 01:46:49.024" endtime="20220805 01:46:52.056"/>
</kw>
<kw name="check if the user_lbl is correct">
<kw name="Element Text Should Be" library="SeleniumLibrary">
<arg>${username_lbl}</arg>
<arg>${user_name_login}</arg>
<doc>Verifies that element ``locator`` contains exact the text ``expected``.</doc>
<msg timestamp="20220805 01:46:52.057" level="INFO">Verifying element 'id:username' contains exact text 'AORA - TRAINEE - MNL'.</msg>
<status status="PASS" starttime="20220805 01:46:52.057" endtime="20220805 01:46:52.074"/>
</kw>
<status status="PASS" starttime="20220805 01:46:52.057" endtime="20220805 01:46:52.074"/>
</kw>
<kw name="select restaurant">
<kw name="Wait Until Element Is Visible" library="SeleniumLibrary">
<arg>${restaurant_btn}</arg>
<doc>Waits until the element ``locator`` is visible.</doc>
<status status="PASS" starttime="20220805 01:46:52.074" endtime="20220805 01:46:52.092"/>
</kw>
<kw name="Click Element" library="SeleniumLibrary">
<arg>${restaurant_btn}</arg>
<doc>Click the element identified by ``locator``.</doc>
<msg timestamp="20220805 01:46:52.092" level="INFO">Clicking element 'xpath://*[@id="6b1bf2af-be65-11e2-97ab-00ff685223c2"]'.</msg>
<status status="PASS" starttime="20220805 01:46:52.092" endtime="20220805 01:46:56.294"/>
</kw>
<status status="PASS" starttime="20220805 01:46:52.074" endtime="20220805 01:46:56.294"/>
</kw>
<kw name="select an order type">
<kw name="Click Element" library="SeleniumLibrary">
<arg>${res_delivery_btn}</arg>
<doc>Click the element identified by ``locator``.</doc>
<msg timestamp="20220805 01:46:56.295" level="INFO">Clicking element 'xpath://div[@id='delivery']'.</msg>
<status status="PASS" starttime="20220805 01:46:56.295" endtime="20220805 01:46:56.351"/>
</kw>
<status status="PASS" starttime="20220805 01:46:56.294" endtime="20220805 01:46:56.352"/>
</kw>
<kw name="enter details">
<kw name="Sleep" library="BuiltIn">
<arg>3</arg>
<doc>Pauses the test executed for the given time.</doc>
<msg timestamp="20220805 01:46:59.368" level="INFO">Slept 3 seconds</msg>
<status status="PASS" starttime="20220805 01:46:56.352" endtime="20220805 01:46:59.368"/>
</kw>
<kw name="Wait Until Element Is Visible" library="SeleniumLibrary">
<arg>${phone_txt}</arg>
<doc>Waits until the element ``locator`` is visible.</doc>
<status status="PASS" starttime="20220805 01:46:59.368" endtime="20220805 01:46:59.386"/>
</kw>
<kw name="Input Text" library="SeleniumLibrary">
<arg>${phone_txt}</arg>
<arg>${number}</arg>
<doc>Types the given ``text`` into the text field identified by ``locator``.</doc>
<msg timestamp="20220805 01:46:59.386" level="INFO">Typing text '(321) 560-7043' into text field 'id:originPhone'.</msg>
<status status="PASS" starttime="20220805 01:46:59.386" endtime="20220805 01:46:59.460"/>
</kw>
<kw name="Sleep" library="BuiltIn">
<arg>3</arg>
<doc>Pauses the test executed for the given time.</doc>
<msg timestamp="20220805 01:47:02.474" level="INFO">Slept 3 seconds</msg>
<status status="PASS" starttime="20220805 01:46:59.460" endtime="20220805 01:47:02.474"/>
</kw>
<kw name="Wait Until Element Is Visible" library="SeleniumLibrary">
<arg>${name_txt}</arg>
<doc>Waits until the element ``locator`` is visible.</doc>
<status status="PASS" starttime="20220805 01:47:02.474" endtime="20220805 01:47:02.501"/>
</kw>
<kw name="Input Text" library="SeleniumLibrary">
<arg>${name_txt}</arg>
<arg>${user_name}</arg>
<doc>Types the given ``text`` into the text field identified by ``locator``.</doc>
<msg timestamp="20220805 01:47:02.502" level="INFO">Typing text 'aora' into text field 'css:input#name'.</msg>
<msg timestamp="20220805 01:47:02.678" level="INFO" html="true">&lt;/td&gt;&lt;/tr&gt;&lt;tr&gt;&lt;td colspan="3"&gt;&lt;a href="selenium-screenshot-25.png"&gt;&lt;img src="selenium-screenshot-25.png" width="800px"&gt;&lt;/a&gt;</msg>
<msg timestamp="20220805 01:47:02.679" level="FAIL">InvalidElementStateException: Message: invalid element state: Element is not currently interactable and may not be manipulated
  (Session info: chrome=104.0.5112.81)
Stacktrace:
Backtrace:
	Ordinal0 [0x00905FD3+2187219]
	Ordinal0 [0x0089E6D1+1763025]
	Ordinal0 [0x007B3E78+802424]
	Ordinal0 [0x007B6854+813140]
	Ordinal0 [0x007B6712+812818]
	Ordinal0 [0x007B69A0+813472]
	Ordinal0 [0x007DA45D+959581]
	Ordinal0 [0x007FCB8C+1100684]
	Ordinal0 [0x007D8394+951188]
	Ordinal0 [0x007FCDA4+1101220]
	Ordinal0 [0x0080CFC2+1167298]
	Ordinal0 [0x007FC9A6+1100198]
	Ordinal0 [0x007D6F80+946048]
	Ordinal0 [0x007D7E76+949878]
	GetHandleVerifier [0x00BA90C2+2721218]
	GetHandleVerifier [0x00B9AAF0+2662384]
	GetHandleVerifier [0x0099137A+526458]
	GetHandleVerifier [0x00990416+522518]
	Ordinal0 [0x008A4EAB+1789611]
	Ordinal0 [0x008A97A8+1808296]
	Ordinal0 [0x008A9895+1808533]
	Ordinal0 [0x008B26C1+1844929]
	BaseThreadInitThunk [0x76E96739+25]
	RtlGetFullPathName_UEx [0x77E28FEF+1215]
	RtlGetFullPathName_UEx [0x77E28FBD+1165]
</msg>
<status status="FAIL" starttime="20220805 01:47:02.501" endtime="20220805 01:47:02.680"/>
</kw>
<kw name="Sleep" library="BuiltIn">
<arg>3</arg>
<doc>Pauses the test executed for the given time.</doc>
<status status="NOT RUN" starttime="20220805 01:47:02.681" endtime="20220805 01:47:02.681"/>
</kw>
<status status="FAIL" starttime="20220805 01:46:56.352" endtime="20220805 01:47:02.682"/>
</kw>
<kw name="close browser session" library="resource" type="TEARDOWN">
<kw name="Close Browser" library="SeleniumLibrary">
<doc>Closes the current browser.</doc>
<status status="PASS" starttime="20220805 01:47:02.683" endtime="20220805 01:47:04.801"/>
</kw>
<status status="PASS" starttime="20220805 01:47:02.683" endtime="20220805 01:47:04.802"/>
</kw>
<doc>This is to test the end to end flow of sending an order to POS</doc>
<status status="FAIL" starttime="20220805 01:46:44.861" endtime="20220805 01:47:04.803">InvalidElementStateException: Message: invalid element state: Element is not currently interactable and may not be manipulated
  (Session info: chrome=104.0.5112.81)
Stacktrace:
Backtrace:
	Ordinal0 [0x00905FD3+2187219]
	Ordinal0 [0x0089E6D1+1763025]
	Ordinal0 [0x007B3E78+802424]
	Ordinal0 [0x007B6854+813140]
	Ordinal0 [0x007B6712+812818]
	Ordinal0 [0x007B69A0+813472]
	Ordinal0 [0x007DA45D+959581]
	Ordinal0 [0x007FCB8C+1100684]
	Ordinal0 [0x007D8394+951188]
	Ordinal0 [0x007FCDA4+1101220]
	Ordinal0 [0x0080CFC2+1167298]
	Ordinal0 [0x007FC9A6+1100198]
	Ordinal0 [0x007D6F80+946048]
	Ordinal0 [0x007D7E76+949878]
	GetHandleVerifier [0x00BA90C2+2721218]
	GetHandleVerifier [0x00B9AAF0+2662384]
	GetHandleVerifier [0x0099137A+526458]
	GetHandleVerifier [0x00990416+522518]
	Ordinal0 [0x008A4EAB+1789611]
	Ordinal0 [0x008A97A8+1808296]
	Ordinal0 [0x008A9895+1808533]
	Ordinal0 [0x008B26C1+1844929]
	BaseThreadInitThunk [0x76E96739+25]
	RtlGetFullPathName_UEx [0x77E28FEF+1215]
	RtlGetFullPathName_UEx [0x77E28FBD+1165]
</status>
</test>
<doc>To validate the login error message</doc>
<status status="FAIL" starttime="20220805 01:46:44.719" endtime="20220805 01:47:04.808"/>
</suite>
<statistics>
<total>
<stat pass="0" fail="1" skip="0">All Tests</stat>
</total>
<tag>
</tag>
<suite>
<stat pass="0" fail="1" skip="0" id="s1" name="Activity1">Activity1</stat>
</suite>
</statistics>
<errors>
</errors>
</robot>
