<?xml version="1.0" encoding="UTF-8"?>
<robot generator="Robot 5.0.1 (Python 3.10.6 on win32)" generated="20220815 23:46:22.373" rpa="false" schemaversion="3">
<suite id="s1" name="LoginTest" source="C:\Users\WONDERS\Desktop\training\TestSuites\Udemy\LoginTest.robot">
<test id="s1-t1" name="Verify that login works" line="9">
<kw name="open the browser with OrangeDemo url">
<kw name="Create Webdriver" library="SeleniumLibrary">
<arg>Chrome</arg>
<arg>executable_path=../../../chromedriver</arg>
<doc>Creates an instance of Selenium WebDriver.</doc>
<msg timestamp="20220815 23:46:22.491" level="INFO">Creating an instance of the Chrome WebDriver.</msg>
<msg timestamp="20220815 23:46:22.507" level="INFO">Cannot capture screenshot because no browser is open.</msg>
<msg timestamp="20220815 23:46:22.508" level="FAIL">WebDriverException: Message: 'chromedriver' executable needs to be in PATH. Please see https://chromedriver.chromium.org/home
</msg>
<status status="FAIL" starttime="20220815 23:46:22.491" endtime="20220815 23:46:22.509"/>
</kw>
<kw name="Maximize Browser Window" library="SeleniumLibrary">
<doc>Maximizes current browser window.</doc>
<status status="NOT RUN" starttime="20220815 23:46:22.509" endtime="20220815 23:46:22.509"/>
</kw>
<kw name="Go To" library="SeleniumLibrary">
<arg>https://www.rahulshettyacademy.com/loginpagePractise/</arg>
<doc>Navigates the current browser window to the provided ``url``.</doc>
<status status="NOT RUN" starttime="20220815 23:46:22.509" endtime="20220815 23:46:22.509"/>
</kw>
<status status="FAIL" starttime="20220815 23:46:22.491" endtime="20220815 23:46:22.509"/>
</kw>
<kw name="fill out the username and password fields">
<status status="NOT RUN" starttime="20220815 23:46:22.510" endtime="20220815 23:46:22.510"/>
</kw>
<kw name="wait login error message">
<status status="NOT RUN" starttime="20220815 23:46:22.510" endtime="20220815 23:46:22.510"/>
</kw>
<kw name="verify error message is correct">
<status status="NOT RUN" starttime="20220815 23:46:22.510" endtime="20220815 23:46:22.510"/>
</kw>
<status status="FAIL" starttime="20220815 23:46:22.490" endtime="20220815 23:46:22.510">WebDriverException: Message: 'chromedriver' executable needs to be in PATH. Please see https://chromedriver.chromium.org/home
</status>
</test>
<doc>To validate the login error message</doc>
<status status="FAIL" starttime="20220815 23:46:22.374" endtime="20220815 23:46:22.511"/>
</suite>
<statistics>
<total>
<stat pass="0" fail="1" skip="0">All Tests</stat>
</total>
<tag>
</tag>
<suite>
<stat pass="0" fail="1" skip="0" id="s1" name="LoginTest">LoginTest</stat>
</suite>
</statistics>
<errors>
</errors>
</robot>
